<?xml version="1.0" encoding="UTF-8"?>
<testsuite name="ToDoTest" tests="1" skipped="0" failures="0" errors="0" timestamp="2020-02-17T09:44:21" hostname="xps-MacBook-Air.local" time="0.031">
  <properties/>
  <testcase name="test()" classname="ToDoTest" time="0.031"/>
  <system-out><![CDATA[]]></system-out>
  <system-err><![CDATA[]]></system-err>
</testsuite>
