<?xml version="1.0" encoding="UTF-8"?>
<testsuite name="EmptyDescriptionErrorTest" tests="1" skipped="0" failures="0" errors="0" timestamp="2020-02-17T09:44:21" hostname="xps-MacBook-Air.local" time="0.051">
  <properties/>
  <testcase name="test()" classname="EmptyDescriptionErrorTest" time="0.051"/>
  <system-out><![CDATA[]]></system-out>
  <system-err><![CDATA[]]></system-err>
</testsuite>
